[0.275s] DEBUG:colcon:Command line arguments: ['/usr/bin/colcon', 'list', '-p', '--base-paths', '/home/wasiq/ros2_unbag']
[0.275s] DEBUG:colcon:Parsed command line arguments: Namespace(log_base=None, log_level=None, verb_name='list', build_base='build', ignore_user_meta=False, metas=['./colcon.meta'], base_paths=['/home/wasiq/ros2_unbag'], packages_ignore=None, packages_ignore_regex=None, paths=None, packages_up_to=None, packages_up_to_regex=None, packages_above=None, packages_above_and_dependencies=None, packages_above_depth=None, packages_select_by_dep=None, packages_skip_by_dep=None, packages_skip_up_to=None, packages_select_build_failed=False, packages_skip_build_finished=False, packages_select_test_failures=False, packages_skip_test_passed=False, packages_select=None, packages_skip=None, packages_select_regex=None, packages_skip_regex=None, packages_start=None, packages_end=None, allow_overriding=[], topological_order=False, names_only=False, paths_only=True, topological_graph=False, topological_graph_dot=False, topological_graph_density=False, topological_graph_legend=False, topological_graph_dot_cluster=False, topological_graph_dot_include_skipped=False, mixin_files=None, mixin=None, verb_parser=<colcon_mixin.mixin.mixin_argument.MixinArgumentDecorator object at 0x7aaa91ffd840>, verb_extension=<colcon_package_information.verb.list.ListVerb object at 0x7aaa91ffca30>, main=<bound method ListVerb.main of <colcon_package_information.verb.list.ListVerb object at 0x7aaa91ffca30>>, mixin_verb=('list',))
[0.346s] Level 1:colcon.colcon_core.package_discovery:discover_packages(colcon_meta) check parameters
[0.346s] Level 1:colcon.colcon_core.package_discovery:discover_packages(recursive) check parameters
[0.346s] Level 1:colcon.colcon_core.package_discovery:discover_packages(ignore) check parameters
[0.346s] Level 1:colcon.colcon_core.package_discovery:discover_packages(path) check parameters
[0.346s] Level 1:colcon.colcon_core.package_discovery:discover_packages(recursive) discover
[0.346s] INFO:colcon.colcon_core.package_discovery:Crawling recursively for packages in '/home/wasiq/ros2_unbag'
[0.346s] Level 1:colcon.colcon_core.package_identification:_identify(/home/wasiq/ros2_unbag) by extensions ['ignore', 'ignore_ament_install']
[0.347s] Level 1:colcon.colcon_core.package_identification:_identify(/home/wasiq/ros2_unbag) by extension 'ignore'
[0.347s] Level 1:colcon.colcon_core.package_identification:_identify(/home/wasiq/ros2_unbag) by extension 'ignore_ament_install'
[0.347s] Level 1:colcon.colcon_core.package_identification:_identify(/home/wasiq/ros2_unbag) by extensions ['colcon_pkg']
[0.347s] Level 1:colcon.colcon_core.package_identification:_identify(/home/wasiq/ros2_unbag) by extension 'colcon_pkg'
[0.347s] Level 1:colcon.colcon_core.package_identification:_identify(/home/wasiq/ros2_unbag) by extensions ['colcon_meta']
[0.347s] Level 1:colcon.colcon_core.package_identification:_identify(/home/wasiq/ros2_unbag) by extension 'colcon_meta'
[0.347s] Level 1:colcon.colcon_core.package_identification:_identify(/home/wasiq/ros2_unbag) by extensions ['ros']
[0.347s] Level 1:colcon.colcon_core.package_identification:_identify(/home/wasiq/ros2_unbag) by extension 'ros'
[0.374s] Level 1:colcon.colcon_core.package_identification:_identify(/home/wasiq/ros2_unbag) by extensions ['cmake', 'python']
[0.374s] Level 1:colcon.colcon_core.package_identification:_identify(/home/wasiq/ros2_unbag) by extension 'cmake'
[0.374s] Level 1:colcon.colcon_core.package_identification:_identify(/home/wasiq/ros2_unbag) by extension 'python'
[0.375s] Level 1:colcon.colcon_core.package_identification:_identify(/home/wasiq/ros2_unbag) by extensions ['python_setup_py']
[0.375s] Level 1:colcon.colcon_core.package_identification:_identify(/home/wasiq/ros2_unbag) by extension 'python_setup_py'
[0.375s] Level 1:colcon.colcon_core.package_identification:_identify(/home/wasiq/ros2_unbag/build) by extensions ['ignore', 'ignore_ament_install']
[0.375s] Level 1:colcon.colcon_core.package_identification:_identify(/home/wasiq/ros2_unbag/build) by extension 'ignore'
[0.375s] Level 1:colcon.colcon_core.package_identification:_identify(/home/wasiq/ros2_unbag/build) ignored
[0.375s] Level 1:colcon.colcon_core.package_identification:_identify(/home/wasiq/ros2_unbag/install) by extensions ['ignore', 'ignore_ament_install']
[0.375s] Level 1:colcon.colcon_core.package_identification:_identify(/home/wasiq/ros2_unbag/install) by extension 'ignore'
[0.376s] Level 1:colcon.colcon_core.package_identification:_identify(/home/wasiq/ros2_unbag/install) ignored
[0.376s] Level 1:colcon.colcon_core.package_identification:_identify(/home/wasiq/ros2_unbag/log) by extensions ['ignore', 'ignore_ament_install']
[0.376s] Level 1:colcon.colcon_core.package_identification:_identify(/home/wasiq/ros2_unbag/log) by extension 'ignore'
[0.376s] Level 1:colcon.colcon_core.package_identification:_identify(/home/wasiq/ros2_unbag/log) ignored
[0.376s] Level 1:colcon.colcon_core.package_identification:_identify(/home/wasiq/ros2_unbag/src) by extensions ['ignore', 'ignore_ament_install']
[0.376s] Level 1:colcon.colcon_core.package_identification:_identify(/home/wasiq/ros2_unbag/src) by extension 'ignore'
[0.376s] Level 1:colcon.colcon_core.package_identification:_identify(/home/wasiq/ros2_unbag/src) by extension 'ignore_ament_install'
[0.377s] Level 1:colcon.colcon_core.package_identification:_identify(/home/wasiq/ros2_unbag/src) by extensions ['colcon_pkg']
[0.377s] Level 1:colcon.colcon_core.package_identification:_identify(/home/wasiq/ros2_unbag/src) by extension 'colcon_pkg'
[0.377s] Level 1:colcon.colcon_core.package_identification:_identify(/home/wasiq/ros2_unbag/src) by extensions ['colcon_meta']
[0.377s] Level 1:colcon.colcon_core.package_identification:_identify(/home/wasiq/ros2_unbag/src) by extension 'colcon_meta'
[0.377s] Level 1:colcon.colcon_core.package_identification:_identify(/home/wasiq/ros2_unbag/src) by extensions ['ros']
[0.377s] Level 1:colcon.colcon_core.package_identification:_identify(/home/wasiq/ros2_unbag/src) by extension 'ros'
[0.377s] Level 1:colcon.colcon_core.package_identification:_identify(/home/wasiq/ros2_unbag/src) by extensions ['cmake', 'python']
[0.377s] Level 1:colcon.colcon_core.package_identification:_identify(/home/wasiq/ros2_unbag/src) by extension 'cmake'
[0.377s] Level 1:colcon.colcon_core.package_identification:_identify(/home/wasiq/ros2_unbag/src) by extension 'python'
[0.377s] Level 1:colcon.colcon_core.package_identification:_identify(/home/wasiq/ros2_unbag/src) by extensions ['python_setup_py']
[0.377s] Level 1:colcon.colcon_core.package_identification:_identify(/home/wasiq/ros2_unbag/src) by extension 'python_setup_py'
[0.377s] Level 1:colcon.colcon_core.package_identification:_identify(/home/wasiq/ros2_unbag/src/ros2_bag_exporter) by extensions ['ignore', 'ignore_ament_install']
[0.378s] Level 1:colcon.colcon_core.package_identification:_identify(/home/wasiq/ros2_unbag/src/ros2_bag_exporter) by extension 'ignore'
[0.378s] Level 1:colcon.colcon_core.package_identification:_identify(/home/wasiq/ros2_unbag/src/ros2_bag_exporter) by extension 'ignore_ament_install'
[0.378s] Level 1:colcon.colcon_core.package_identification:_identify(/home/wasiq/ros2_unbag/src/ros2_bag_exporter) by extensions ['colcon_pkg']
[0.378s] Level 1:colcon.colcon_core.package_identification:_identify(/home/wasiq/ros2_unbag/src/ros2_bag_exporter) by extension 'colcon_pkg'
[0.378s] Level 1:colcon.colcon_core.package_identification:_identify(/home/wasiq/ros2_unbag/src/ros2_bag_exporter) by extensions ['colcon_meta']
[0.378s] Level 1:colcon.colcon_core.package_identification:_identify(/home/wasiq/ros2_unbag/src/ros2_bag_exporter) by extension 'colcon_meta'
[0.378s] Level 1:colcon.colcon_core.package_identification:_identify(/home/wasiq/ros2_unbag/src/ros2_bag_exporter) by extensions ['ros']
[0.378s] Level 1:colcon.colcon_core.package_identification:_identify(/home/wasiq/ros2_unbag/src/ros2_bag_exporter) by extension 'ros'
[0.384s] DEBUG:colcon.colcon_core.package_identification:Package '/home/wasiq/ros2_unbag/src/ros2_bag_exporter' with type 'ros.ament_cmake' and name 'ros2_bag_exporter'
[0.384s] Level 1:colcon.colcon_core.package_discovery:discover_packages(recursive) using defaults
