[0.126s] DEBUG:colcon:Command line arguments: ['/usr/bin/colcon', 'build']
[0.126s] DEBUG:colcon:Parsed command line arguments: Namespace(log_base=None, log_level=None, verb_name='build', build_base='build', install_base='install', merge_install=False, symlink_install=False, test_result_base=None, continue_on_error=False, executor='parallel', parallel_workers=8, event_handlers=None, ignore_user_meta=False, metas=['./colcon.meta'], base_paths=['.'], packages_ignore=None, packages_ignore_regex=None, paths=None, packages_up_to=None, packages_up_to_regex=None, packages_above=None, packages_above_and_dependencies=None, packages_above_depth=None, packages_select_by_dep=None, packages_skip_by_dep=None, packages_skip_up_to=None, packages_select_build_failed=False, packages_skip_build_finished=False, packages_select_test_failures=False, packages_skip_test_passed=False, packages_select=None, packages_skip=None, packages_select_regex=None, packages_skip_regex=None, packages_start=None, packages_end=None, allow_overriding=[], cmake_args=None, cmake_target=None, cmake_target_skip_unavailable=False, cmake_clean_cache=False, cmake_clean_first=False, cmake_force_configure=False, ament_cmake_args=None, catkin_cmake_args=None, catkin_skip_building_tests=False, mixin_files=None, mixin=None, verb_parser=<colcon_mixin.mixin.mixin_argument.MixinArgumentDecorator object at 0x7b03d99f0d60>, verb_extension=<colcon_core.verb.build.BuildVerb object at 0x7b03d9af1e70>, main=<bound method BuildVerb.main of <colcon_core.verb.build.BuildVerb object at 0x7b03d9af1e70>>, mixin_verb=('build',))
[0.162s] Level 1:colcon.colcon_core.package_discovery:discover_packages(colcon_meta) check parameters
[0.162s] Level 1:colcon.colcon_core.package_discovery:discover_packages(recursive) check parameters
[0.162s] Level 1:colcon.colcon_core.package_discovery:discover_packages(ignore) check parameters
[0.162s] Level 1:colcon.colcon_core.package_discovery:discover_packages(path) check parameters
[0.162s] Level 1:colcon.colcon_core.package_discovery:discover_packages(colcon_meta) discover
[0.162s] Level 1:colcon.colcon_core.package_discovery:discover_packages(recursive) discover
[0.162s] INFO:colcon.colcon_core.package_discovery:Crawling recursively for packages in '/home/wasiq/ros2_unbag'
[0.162s] Level 1:colcon.colcon_core.package_identification:_identify(.) by extensions ['ignore', 'ignore_ament_install']
[0.163s] Level 1:colcon.colcon_core.package_identification:_identify(.) by extension 'ignore'
[0.163s] Level 1:colcon.colcon_core.package_identification:_identify(.) by extension 'ignore_ament_install'
[0.163s] Level 1:colcon.colcon_core.package_identification:_identify(.) by extensions ['colcon_pkg']
[0.163s] Level 1:colcon.colcon_core.package_identification:_identify(.) by extension 'colcon_pkg'
[0.163s] Level 1:colcon.colcon_core.package_identification:_identify(.) by extensions ['colcon_meta']
[0.163s] Level 1:colcon.colcon_core.package_identification:_identify(.) by extension 'colcon_meta'
[0.163s] Level 1:colcon.colcon_core.package_identification:_identify(.) by extensions ['ros']
[0.163s] Level 1:colcon.colcon_core.package_identification:_identify(.) by extension 'ros'
[0.176s] Level 1:colcon.colcon_core.package_identification:_identify(.) by extensions ['cmake', 'python']
[0.176s] Level 1:colcon.colcon_core.package_identification:_identify(.) by extension 'cmake'
[0.176s] Level 1:colcon.colcon_core.package_identification:_identify(.) by extension 'python'
[0.176s] Level 1:colcon.colcon_core.package_identification:_identify(.) by extensions ['python_setup_py']
[0.176s] Level 1:colcon.colcon_core.package_identification:_identify(.) by extension 'python_setup_py'
[0.176s] Level 1:colcon.colcon_core.package_identification:_identify(build) by extensions ['ignore', 'ignore_ament_install']
[0.176s] Level 1:colcon.colcon_core.package_identification:_identify(build) by extension 'ignore'
[0.176s] Level 1:colcon.colcon_core.package_identification:_identify(build) ignored
[0.176s] Level 1:colcon.colcon_core.package_identification:_identify(install) by extensions ['ignore', 'ignore_ament_install']
[0.176s] Level 1:colcon.colcon_core.package_identification:_identify(install) by extension 'ignore'
[0.176s] Level 1:colcon.colcon_core.package_identification:_identify(install) ignored
[0.177s] Level 1:colcon.colcon_core.package_identification:_identify(log) by extensions ['ignore', 'ignore_ament_install']
[0.177s] Level 1:colcon.colcon_core.package_identification:_identify(log) by extension 'ignore'
[0.177s] Level 1:colcon.colcon_core.package_identification:_identify(log) ignored
[0.177s] Level 1:colcon.colcon_core.package_identification:_identify(src) by extensions ['ignore', 'ignore_ament_install']
[0.177s] Level 1:colcon.colcon_core.package_identification:_identify(src) by extension 'ignore'
[0.177s] Level 1:colcon.colcon_core.package_identification:_identify(src) by extension 'ignore_ament_install'
[0.177s] Level 1:colcon.colcon_core.package_identification:_identify(src) by extensions ['colcon_pkg']
[0.177s] Level 1:colcon.colcon_core.package_identification:_identify(src) by extension 'colcon_pkg'
[0.177s] Level 1:colcon.colcon_core.package_identification:_identify(src) by extensions ['colcon_meta']
[0.177s] Level 1:colcon.colcon_core.package_identification:_identify(src) by extension 'colcon_meta'
[0.177s] Level 1:colcon.colcon_core.package_identification:_identify(src) by extensions ['ros']
[0.177s] Level 1:colcon.colcon_core.package_identification:_identify(src) by extension 'ros'
[0.177s] Level 1:colcon.colcon_core.package_identification:_identify(src) by extensions ['cmake', 'python']
[0.177s] Level 1:colcon.colcon_core.package_identification:_identify(src) by extension 'cmake'
[0.177s] Level 1:colcon.colcon_core.package_identification:_identify(src) by extension 'python'
[0.177s] Level 1:colcon.colcon_core.package_identification:_identify(src) by extensions ['python_setup_py']
[0.177s] Level 1:colcon.colcon_core.package_identification:_identify(src) by extension 'python_setup_py'
[0.177s] Level 1:colcon.colcon_core.package_identification:_identify(src/ros2_bag_exporter) by extensions ['ignore', 'ignore_ament_install']
[0.177s] Level 1:colcon.colcon_core.package_identification:_identify(src/ros2_bag_exporter) by extension 'ignore'
[0.177s] Level 1:colcon.colcon_core.package_identification:_identify(src/ros2_bag_exporter) by extension 'ignore_ament_install'
[0.177s] Level 1:colcon.colcon_core.package_identification:_identify(src/ros2_bag_exporter) by extensions ['colcon_pkg']
[0.178s] Level 1:colcon.colcon_core.package_identification:_identify(src/ros2_bag_exporter) by extension 'colcon_pkg'
[0.178s] Level 1:colcon.colcon_core.package_identification:_identify(src/ros2_bag_exporter) by extensions ['colcon_meta']
[0.178s] Level 1:colcon.colcon_core.package_identification:_identify(src/ros2_bag_exporter) by extension 'colcon_meta'
[0.178s] Level 1:colcon.colcon_core.package_identification:_identify(src/ros2_bag_exporter) by extensions ['ros']
[0.178s] Level 1:colcon.colcon_core.package_identification:_identify(src/ros2_bag_exporter) by extension 'ros'
[0.181s] DEBUG:colcon.colcon_core.package_identification:Package 'src/ros2_bag_exporter' with type 'ros.ament_cmake' and name 'ros2_bag_exporter'
[0.181s] Level 1:colcon.colcon_core.package_discovery:discover_packages(recursive) using defaults
[0.181s] Level 1:colcon.colcon_core.package_discovery:discover_packages(ignore) discover
[0.181s] Level 1:colcon.colcon_core.package_discovery:discover_packages(ignore) using defaults
[0.181s] Level 1:colcon.colcon_core.package_discovery:discover_packages(path) discover
[0.181s] Level 1:colcon.colcon_core.package_discovery:discover_packages(path) using defaults
[0.200s] Level 1:colcon.colcon_core.package_discovery:discover_packages(prefix_path) check parameters
[0.200s] Level 1:colcon.colcon_core.package_discovery:discover_packages(prefix_path) discover
[0.201s] DEBUG:colcon.colcon_installed_package_information.package_discovery:Found 1 installed packages in /home/wasiq/ros2_unbag/install
[0.203s] DEBUG:colcon.colcon_installed_package_information.package_discovery:Found 484 installed packages in /opt/ros/humble
[0.205s] Level 1:colcon.colcon_core.package_discovery:discover_packages(prefix_path) using defaults
[0.267s] Level 5:colcon.colcon_core.verb:set package 'ros2_bag_exporter' build argument 'cmake_args' from command line to 'None'
[0.267s] Level 5:colcon.colcon_core.verb:set package 'ros2_bag_exporter' build argument 'cmake_target' from command line to 'None'
[0.267s] Level 5:colcon.colcon_core.verb:set package 'ros2_bag_exporter' build argument 'cmake_target_skip_unavailable' from command line to 'False'
[0.267s] Level 5:colcon.colcon_core.verb:set package 'ros2_bag_exporter' build argument 'cmake_clean_cache' from command line to 'False'
[0.267s] Level 5:colcon.colcon_core.verb:set package 'ros2_bag_exporter' build argument 'cmake_clean_first' from command line to 'False'
[0.267s] Level 5:colcon.colcon_core.verb:set package 'ros2_bag_exporter' build argument 'cmake_force_configure' from command line to 'False'
[0.267s] Level 5:colcon.colcon_core.verb:set package 'ros2_bag_exporter' build argument 'ament_cmake_args' from command line to 'None'
[0.267s] Level 5:colcon.colcon_core.verb:set package 'ros2_bag_exporter' build argument 'catkin_cmake_args' from command line to 'None'
[0.267s] Level 5:colcon.colcon_core.verb:set package 'ros2_bag_exporter' build argument 'catkin_skip_building_tests' from command line to 'False'
[0.267s] DEBUG:colcon.colcon_core.verb:Building package 'ros2_bag_exporter' with the following arguments: {'ament_cmake_args': None, 'build_base': '/home/wasiq/ros2_unbag/build/ros2_bag_exporter', 'catkin_cmake_args': None, 'catkin_skip_building_tests': False, 'cmake_args': None, 'cmake_clean_cache': False, 'cmake_clean_first': False, 'cmake_force_configure': False, 'cmake_target': None, 'cmake_target_skip_unavailable': False, 'install_base': '/home/wasiq/ros2_unbag/install/ros2_bag_exporter', 'merge_install': False, 'path': '/home/wasiq/ros2_unbag/src/ros2_bag_exporter', 'symlink_install': False, 'test_result_base': None}
[0.267s] INFO:colcon.colcon_core.executor:Executing jobs using 'parallel' executor
[0.268s] DEBUG:colcon.colcon_parallel_executor.executor.parallel:run_until_complete
[0.269s] INFO:colcon.colcon_ros.task.ament_cmake.build:Building ROS package in '/home/wasiq/ros2_unbag/src/ros2_bag_exporter' with build type 'ament_cmake'
[0.269s] INFO:colcon.colcon_cmake.task.cmake.build:Building CMake package in '/home/wasiq/ros2_unbag/src/ros2_bag_exporter'
[0.271s] INFO:colcon.colcon_core.plugin_system:Skipping extension 'colcon_core.shell.bat': Not used on non-Windows systems
[0.271s] INFO:colcon.colcon_core.shell:Skip shell extension 'powershell' for command environment: Not usable outside of PowerShell
[0.271s] DEBUG:colcon.colcon_core.shell:Skip shell extension 'dsv' for command environment
[0.281s] DEBUG:colcon.colcon_core.event_handler.log_command:Invoking command in '/home/wasiq/ros2_unbag/build/ros2_bag_exporter': CMAKE_PREFIX_PATH=${CMAKE_PREFIX_PATH}:/opt/ros/humble DEBUGINFOD_URLS=https://debuginfod.ubuntu.com PS1=${debian_chroot:+($debian_chroot)}\[\033[01;32m\]\u@\h\[\033[00m\]:\[\033[01;34m\]\w\[\033[00m\]\$ /home/wasiq/.local/bin/cmake --build /home/wasiq/ros2_unbag/build/ros2_bag_exporter -- -j8 -l8
[0.351s] DEBUG:colcon.colcon_core.event_handler.log_command:Invoked command in '/home/wasiq/ros2_unbag/build/ros2_bag_exporter' returned '0': CMAKE_PREFIX_PATH=${CMAKE_PREFIX_PATH}:/opt/ros/humble DEBUGINFOD_URLS=https://debuginfod.ubuntu.com PS1=${debian_chroot:+($debian_chroot)}\[\033[01;32m\]\u@\h\[\033[00m\]:\[\033[01;34m\]\w\[\033[00m\]\$ /home/wasiq/.local/bin/cmake --build /home/wasiq/ros2_unbag/build/ros2_bag_exporter -- -j8 -l8
[0.382s] DEBUG:colcon.colcon_core.event_handler.log_command:Invoking command in '/home/wasiq/ros2_unbag/build/ros2_bag_exporter': CMAKE_PREFIX_PATH=${CMAKE_PREFIX_PATH}:/opt/ros/humble DEBUGINFOD_URLS=https://debuginfod.ubuntu.com PS1=${debian_chroot:+($debian_chroot)}\[\033[01;32m\]\u@\h\[\033[00m\]:\[\033[01;34m\]\w\[\033[00m\]\$ /home/wasiq/.local/bin/cmake --install /home/wasiq/ros2_unbag/build/ros2_bag_exporter
[0.414s] Level 1:colcon.colcon_core.environment:create_environment_scripts_only(ros2_bag_exporter)
[0.415s] DEBUG:colcon.colcon_core.event_handler.log_command:Invoked command in '/home/wasiq/ros2_unbag/build/ros2_bag_exporter' returned '0': CMAKE_PREFIX_PATH=${CMAKE_PREFIX_PATH}:/opt/ros/humble DEBUGINFOD_URLS=https://debuginfod.ubuntu.com PS1=${debian_chroot:+($debian_chroot)}\[\033[01;32m\]\u@\h\[\033[00m\]:\[\033[01;34m\]\w\[\033[00m\]\$ /home/wasiq/.local/bin/cmake --install /home/wasiq/ros2_unbag/build/ros2_bag_exporter
[0.417s] Level 1:colcon.colcon_core.environment:checking '/home/wasiq/ros2_unbag/install/ros2_bag_exporter' for CMake module files
[0.417s] Level 1:colcon.colcon_core.environment:checking '/home/wasiq/ros2_unbag/install/ros2_bag_exporter' for CMake config files
[0.417s] Level 1:colcon.colcon_core.shell:create_environment_hook('ros2_bag_exporter', 'cmake_prefix_path')
[0.417s] INFO:colcon.colcon_core.shell:Creating environment hook '/home/wasiq/ros2_unbag/install/ros2_bag_exporter/share/ros2_bag_exporter/hook/cmake_prefix_path.ps1'
[0.418s] INFO:colcon.colcon_core.shell:Creating environment descriptor '/home/wasiq/ros2_unbag/install/ros2_bag_exporter/share/ros2_bag_exporter/hook/cmake_prefix_path.dsv'
[0.418s] INFO:colcon.colcon_core.shell:Creating environment hook '/home/wasiq/ros2_unbag/install/ros2_bag_exporter/share/ros2_bag_exporter/hook/cmake_prefix_path.sh'
[0.419s] Level 1:colcon.colcon_core.environment:checking '/home/wasiq/ros2_unbag/install/ros2_bag_exporter/lib'
[0.419s] Level 1:colcon.colcon_core.environment:checking '/home/wasiq/ros2_unbag/install/ros2_bag_exporter/bin'
[0.419s] Level 1:colcon.colcon_core.environment:checking '/home/wasiq/ros2_unbag/install/ros2_bag_exporter/lib/pkgconfig/ros2_bag_exporter.pc'
[0.420s] Level 1:colcon.colcon_core.environment:checking '/home/wasiq/ros2_unbag/install/ros2_bag_exporter/lib/python3.10/site-packages'
[0.420s] Level 1:colcon.colcon_core.environment:checking '/home/wasiq/ros2_unbag/install/ros2_bag_exporter/bin'
[0.420s] INFO:colcon.colcon_core.shell:Creating package script '/home/wasiq/ros2_unbag/install/ros2_bag_exporter/share/ros2_bag_exporter/package.ps1'
[0.421s] INFO:colcon.colcon_core.shell:Creating package descriptor '/home/wasiq/ros2_unbag/install/ros2_bag_exporter/share/ros2_bag_exporter/package.dsv'
[0.421s] INFO:colcon.colcon_core.shell:Creating package script '/home/wasiq/ros2_unbag/install/ros2_bag_exporter/share/ros2_bag_exporter/package.sh'
[0.422s] INFO:colcon.colcon_core.shell:Creating package script '/home/wasiq/ros2_unbag/install/ros2_bag_exporter/share/ros2_bag_exporter/package.bash'
[0.422s] INFO:colcon.colcon_core.shell:Creating package script '/home/wasiq/ros2_unbag/install/ros2_bag_exporter/share/ros2_bag_exporter/package.zsh'
[0.423s] Level 1:colcon.colcon_core.environment:create_file_with_runtime_dependencies(/home/wasiq/ros2_unbag/install/ros2_bag_exporter/share/colcon-core/packages/ros2_bag_exporter)
[0.424s] Level 1:colcon.colcon_core.environment:create_environment_scripts_only(ros2_bag_exporter)
[0.424s] Level 1:colcon.colcon_core.environment:checking '/home/wasiq/ros2_unbag/install/ros2_bag_exporter' for CMake module files
[0.424s] Level 1:colcon.colcon_core.environment:checking '/home/wasiq/ros2_unbag/install/ros2_bag_exporter' for CMake config files
[0.424s] Level 1:colcon.colcon_core.shell:create_environment_hook('ros2_bag_exporter', 'cmake_prefix_path')
[0.425s] INFO:colcon.colcon_core.shell:Creating environment hook '/home/wasiq/ros2_unbag/install/ros2_bag_exporter/share/ros2_bag_exporter/hook/cmake_prefix_path.ps1'
[0.425s] INFO:colcon.colcon_core.shell:Creating environment descriptor '/home/wasiq/ros2_unbag/install/ros2_bag_exporter/share/ros2_bag_exporter/hook/cmake_prefix_path.dsv'
[0.425s] INFO:colcon.colcon_core.shell:Creating environment hook '/home/wasiq/ros2_unbag/install/ros2_bag_exporter/share/ros2_bag_exporter/hook/cmake_prefix_path.sh'
[0.426s] Level 1:colcon.colcon_core.environment:checking '/home/wasiq/ros2_unbag/install/ros2_bag_exporter/lib'
[0.426s] Level 1:colcon.colcon_core.environment:checking '/home/wasiq/ros2_unbag/install/ros2_bag_exporter/bin'
[0.426s] Level 1:colcon.colcon_core.environment:checking '/home/wasiq/ros2_unbag/install/ros2_bag_exporter/lib/pkgconfig/ros2_bag_exporter.pc'
[0.426s] Level 1:colcon.colcon_core.environment:checking '/home/wasiq/ros2_unbag/install/ros2_bag_exporter/lib/python3.10/site-packages'
[0.426s] Level 1:colcon.colcon_core.environment:checking '/home/wasiq/ros2_unbag/install/ros2_bag_exporter/bin'
[0.427s] INFO:colcon.colcon_core.shell:Creating package script '/home/wasiq/ros2_unbag/install/ros2_bag_exporter/share/ros2_bag_exporter/package.ps1'
[0.427s] INFO:colcon.colcon_core.shell:Creating package descriptor '/home/wasiq/ros2_unbag/install/ros2_bag_exporter/share/ros2_bag_exporter/package.dsv'
[0.427s] INFO:colcon.colcon_core.shell:Creating package script '/home/wasiq/ros2_unbag/install/ros2_bag_exporter/share/ros2_bag_exporter/package.sh'
[0.428s] INFO:colcon.colcon_core.shell:Creating package script '/home/wasiq/ros2_unbag/install/ros2_bag_exporter/share/ros2_bag_exporter/package.bash'
[0.428s] INFO:colcon.colcon_core.shell:Creating package script '/home/wasiq/ros2_unbag/install/ros2_bag_exporter/share/ros2_bag_exporter/package.zsh'
[0.428s] Level 1:colcon.colcon_core.environment:create_file_with_runtime_dependencies(/home/wasiq/ros2_unbag/install/ros2_bag_exporter/share/colcon-core/packages/ros2_bag_exporter)
[0.429s] DEBUG:colcon.colcon_parallel_executor.executor.parallel:closing loop
[0.429s] DEBUG:colcon.colcon_parallel_executor.executor.parallel:loop closed
[0.429s] DEBUG:colcon.colcon_parallel_executor.executor.parallel:run_until_complete finished with '0'
[0.429s] DEBUG:colcon.colcon_core.event_reactor:joining thread
[0.433s] INFO:colcon.colcon_core.plugin_system:Skipping extension 'colcon_notification.desktop_notification.terminal_notifier': Not used on non-Darwin systems
[0.434s] INFO:colcon.colcon_core.plugin_system:Skipping extension 'colcon_notification.desktop_notification.win32': Not used on non-Windows systems
[0.434s] INFO:colcon.colcon_notification.desktop_notification:Sending desktop notification using 'notify2'
[0.444s] DEBUG:colcon.colcon_core.event_reactor:joined thread
[0.444s] INFO:colcon.colcon_core.shell:Creating prefix script '/home/wasiq/ros2_unbag/install/local_setup.ps1'
[0.445s] INFO:colcon.colcon_core.shell:Creating prefix util module '/home/wasiq/ros2_unbag/install/_local_setup_util_ps1.py'
[0.447s] INFO:colcon.colcon_core.shell:Creating prefix chain script '/home/wasiq/ros2_unbag/install/setup.ps1'
[0.448s] INFO:colcon.colcon_core.shell:Creating prefix script '/home/wasiq/ros2_unbag/install/local_setup.sh'
[0.449s] INFO:colcon.colcon_core.shell:Creating prefix util module '/home/wasiq/ros2_unbag/install/_local_setup_util_sh.py'
[0.450s] INFO:colcon.colcon_core.shell:Creating prefix chain script '/home/wasiq/ros2_unbag/install/setup.sh'
[0.451s] INFO:colcon.colcon_core.shell:Creating prefix script '/home/wasiq/ros2_unbag/install/local_setup.bash'
[0.452s] INFO:colcon.colcon_core.shell:Creating prefix chain script '/home/wasiq/ros2_unbag/install/setup.bash'
[0.453s] INFO:colcon.colcon_core.shell:Creating prefix script '/home/wasiq/ros2_unbag/install/local_setup.zsh'
[0.453s] INFO:colcon.colcon_core.shell:Creating prefix chain script '/home/wasiq/ros2_unbag/install/setup.zsh'
