[0.011s] Invoking command in '/home/wasiq/ros2_unbag/build/ros2_bag_exporter': CMAKE_PREFIX_PATH=${CMAKE_PREFIX_PATH}:/opt/ros/humble DEBUGINFOD_URLS=https://debuginfod.ubuntu.com PS1=${debian_chroot:+($debian_chroot)}\[\033[01;32m\]\u@\h\[\033[00m\]:\[\033[01;34m\]\w\[\033[00m\]\$ /home/wasiq/.local/bin/cmake --build /home/wasiq/ros2_unbag/build/ros2_bag_exporter -- -j8 -l8
[0.074s] [100%] Built target bag_exporter
[0.082s] Invoked command in '/home/wasiq/ros2_unbag/build/ros2_bag_exporter' returned '0': CMAKE_PREFIX_PATH=${CMAKE_PREFIX_PATH}:/opt/ros/humble DEBUGINFOD_URLS=https://debuginfod.ubuntu.com PS1=${debian_chroot:+($debian_chroot)}\[\033[01;32m\]\u@\h\[\033[00m\]:\[\033[01;34m\]\w\[\033[00m\]\$ /home/wasiq/.local/bin/cmake --build /home/wasiq/ros2_unbag/build/ros2_bag_exporter -- -j8 -l8
[0.113s] Invoking command in '/home/wasiq/ros2_unbag/build/ros2_bag_exporter': CMAKE_PREFIX_PATH=${CMAKE_PREFIX_PATH}:/opt/ros/humble DEBUGINFOD_URLS=https://debuginfod.ubuntu.com PS1=${debian_chroot:+($debian_chroot)}\[\033[01;32m\]\u@\h\[\033[00m\]:\[\033[01;34m\]\w\[\033[00m\]\$ /home/wasiq/.local/bin/cmake --install /home/wasiq/ros2_unbag/build/ros2_bag_exporter
[0.139s] -- Install configuration: ""
[0.139s] -- Up-to-date: /home/wasiq/ros2_unbag/install/ros2_bag_exporter/lib/ros2_bag_exporter/bag_exporter
[0.140s] -- Up-to-date: /home/wasiq/ros2_unbag/install/ros2_bag_exporter/include/
[0.140s] -- Up-to-date: /home/wasiq/ros2_unbag/install/ros2_bag_exporter/include//rosbag2_exporter
[0.140s] -- Up-to-date: /home/wasiq/ros2_unbag/install/ros2_bag_exporter/include//rosbag2_exporter/handlers
[0.140s] -- Up-to-date: /home/wasiq/ros2_unbag/install/ros2_bag_exporter/include//rosbag2_exporter/handlers/imu_handler.hpp
[0.140s] -- Up-to-date: /home/wasiq/ros2_unbag/install/ros2_bag_exporter/include//rosbag2_exporter/handlers/ir_image_handler.hpp
[0.140s] -- Up-to-date: /home/wasiq/ros2_unbag/install/ros2_bag_exporter/include//rosbag2_exporter/handlers/path_handler.hpp
[0.140s] -- Up-to-date: /home/wasiq/ros2_unbag/install/ros2_bag_exporter/include//rosbag2_exporter/handlers/gps_handler.hpp
[0.140s] -- Up-to-date: /home/wasiq/ros2_unbag/install/ros2_bag_exporter/include//rosbag2_exporter/handlers/depth_image_handler.hpp
[0.140s] -- Up-to-date: /home/wasiq/ros2_unbag/install/ros2_bag_exporter/include//rosbag2_exporter/handlers/pointcloud_handler.hpp
[0.140s] -- Up-to-date: /home/wasiq/ros2_unbag/install/ros2_bag_exporter/include//rosbag2_exporter/handlers/image_handler.hpp
[0.140s] -- Up-to-date: /home/wasiq/ros2_unbag/install/ros2_bag_exporter/include//rosbag2_exporter/handlers/base_handler.hpp
[0.140s] -- Up-to-date: /home/wasiq/ros2_unbag/install/ros2_bag_exporter/include//rosbag2_exporter/handlers/laser_scan_handler.hpp
[0.141s] -- Up-to-date: /home/wasiq/ros2_unbag/install/ros2_bag_exporter/include//rosbag2_exporter/handlers/odometry_handler.hpp
[0.141s] -- Up-to-date: /home/wasiq/ros2_unbag/install/ros2_bag_exporter/include//rosbag2_exporter/handlers/compressed_image_handler.hpp
[0.141s] -- Up-to-date: /home/wasiq/ros2_unbag/install/ros2_bag_exporter/include//rosbag2_exporter/bag_exporter.hpp
[0.141s] -- Up-to-date: /home/wasiq/ros2_unbag/install/ros2_bag_exporter/share/ros2_bag_exporter/
[0.141s] -- Installing: /home/wasiq/ros2_unbag/install/ros2_bag_exporter/share/ros2_bag_exporter//exporter_config.yaml
[0.141s] -- Up-to-date: /home/wasiq/ros2_unbag/install/ros2_bag_exporter/share/ament_index/resource_index/package_run_dependencies/ros2_bag_exporter
[0.141s] -- Up-to-date: /home/wasiq/ros2_unbag/install/ros2_bag_exporter/share/ament_index/resource_index/parent_prefix_path/ros2_bag_exporter
[0.141s] -- Up-to-date: /home/wasiq/ros2_unbag/install/ros2_bag_exporter/share/ros2_bag_exporter/environment/ament_prefix_path.sh
[0.141s] -- Up-to-date: /home/wasiq/ros2_unbag/install/ros2_bag_exporter/share/ros2_bag_exporter/environment/ament_prefix_path.dsv
[0.141s] -- Up-to-date: /home/wasiq/ros2_unbag/install/ros2_bag_exporter/share/ros2_bag_exporter/environment/path.sh
[0.141s] -- Up-to-date: /home/wasiq/ros2_unbag/install/ros2_bag_exporter/share/ros2_bag_exporter/environment/path.dsv
[0.141s] -- Up-to-date: /home/wasiq/ros2_unbag/install/ros2_bag_exporter/share/ros2_bag_exporter/local_setup.bash
[0.141s] -- Up-to-date: /home/wasiq/ros2_unbag/install/ros2_bag_exporter/share/ros2_bag_exporter/local_setup.sh
[0.141s] -- Up-to-date: /home/wasiq/ros2_unbag/install/ros2_bag_exporter/share/ros2_bag_exporter/local_setup.zsh
[0.141s] -- Up-to-date: /home/wasiq/ros2_unbag/install/ros2_bag_exporter/share/ros2_bag_exporter/local_setup.dsv
[0.141s] -- Installing: /home/wasiq/ros2_unbag/install/ros2_bag_exporter/share/ros2_bag_exporter/package.dsv
[0.141s] -- Up-to-date: /home/wasiq/ros2_unbag/install/ros2_bag_exporter/share/ament_index/resource_index/packages/ros2_bag_exporter
[0.141s] -- Up-to-date: /home/wasiq/ros2_unbag/install/ros2_bag_exporter/share/ros2_bag_exporter/cmake/ros2_bag_exporterConfig.cmake
[0.141s] -- Up-to-date: /home/wasiq/ros2_unbag/install/ros2_bag_exporter/share/ros2_bag_exporter/cmake/ros2_bag_exporterConfig-version.cmake
[0.141s] -- Up-to-date: /home/wasiq/ros2_unbag/install/ros2_bag_exporter/share/ros2_bag_exporter/package.xml
[0.145s] Invoked command in '/home/wasiq/ros2_unbag/build/ros2_bag_exporter' returned '0': CMAKE_PREFIX_PATH=${CMAKE_PREFIX_PATH}:/opt/ros/humble DEBUGINFOD_URLS=https://debuginfod.ubuntu.com PS1=${debian_chroot:+($debian_chroot)}\[\033[01;32m\]\u@\h\[\033[00m\]:\[\033[01;34m\]\w\[\033[00m\]\$ /home/wasiq/.local/bin/cmake --install /home/wasiq/ros2_unbag/build/ros2_bag_exporter
