-- The C compiler identification is GNU 11.4.0
-- The CXX compiler identification is GNU 11.4.0
-- Detecting C compiler ABI info
-- Detecting C compiler ABI info - done
-- Check for working C compiler: /usr/lib/ccache/gcc - skipped
-- Detecting C compile features
-- Detecting C compile features - done
-- Detecting CXX compiler ABI info
-- Detecting CXX compiler ABI info - done
-- Check for working CXX compiler: /usr/lib/ccache/g++ - skipped
-- Detecting CXX compile features
-- Detecting CXX compile features - done
-- Found ament_cmake: 1.3.12 (/opt/ros/humble/share/ament_cmake/cmake)
-- Found Python3: /usr/bin/python3 (found version "3.10.12") found components: Interpreter 
-- Found rclcpp: 16.0.14 (/opt/ros/humble/share/rclcpp/cmake)
-- Found rosidl_generator_c: 3.1.7 (/opt/ros/humble/share/rosidl_generator_c/cmake)
-- Found rosidl_adapter: 3.1.7 (/opt/ros/humble/share/rosidl_adapter/cmake)
-- Found rosidl_generator_cpp: 3.1.7 (/opt/ros/humble/share/rosidl_generator_cpp/cmake)
-- Using all available rosidl_typesupport_c: rosidl_typesupport_fastrtps_c;rosidl_typesupport_introspection_c
-- Using all available rosidl_typesupport_cpp: rosidl_typesupport_fastrtps_cpp;rosidl_typesupport_introspection_cpp
-- Found rmw_implementation_cmake: 6.1.2 (/opt/ros/humble/share/rmw_implementation_cmake/cmake)
-- Found rmw_cyclonedds_cpp: 1.3.4 (/opt/ros/humble/share/rmw_cyclonedds_cpp/cmake)
-- Using RMW implementation 'rmw_cyclonedds_cpp' as default
-- Performing Test CMAKE_HAVE_LIBC_PTHREAD
-- Performing Test CMAKE_HAVE_LIBC_PTHREAD - Success
-- Found Threads: TRUE  
-- Found rosbag2_cpp: 0.15.15 (/opt/ros/humble/share/rosbag2_cpp/cmake)
-- Found sensor_msgs: 4.9.0 (/opt/ros/humble/share/sensor_msgs/cmake)
-- Found pcl_conversions: 2.4.5 (/opt/ros/humble/share/pcl_conversions/cmake)
[33mCMake Warning (dev) at /usr/lib/x86_64-linux-gnu/cmake/pcl/PCLConfig.cmake:146 (find_package):
  Policy CMP0144 is not set: find_package uses upper-case <PACKAGENAME>_ROOT
  variables.  Run "cmake --help-policy CMP0144" for policy details.  Use the
  cmake_policy command to set the policy and suppress this warning.

  CMake variable EIGEN_ROOT is set to:

    /usr/include/eigen3

  For compatibility, find_package is ignoring the variable, but code in a
  .cmake module might still use it.
Call Stack (most recent call first):
  /usr/lib/x86_64-linux-gnu/cmake/pcl/PCLConfig.cmake:299 (find_eigen)
  /usr/lib/x86_64-linux-gnu/cmake/pcl/PCLConfig.cmake:543 (find_external_library)
  /opt/ros/humble/share/pcl_conversions/cmake/ament_cmake_export_dependencies-extras.cmake:21 (find_package)
  /opt/ros/humble/share/pcl_conversions/cmake/pcl_conversionsConfig.cmake:41 (include)
  CMakeLists.txt:18 (find_package)
This warning is for project developers.  Use -Wno-dev to suppress it.
[0m
-- Checking for module 'eigen3'
--   Found eigen3, version 3.4.0
-- Found Eigen: /usr/include/eigen3 (Required is at least version "3.1") 
-- Eigen found (include: /usr/include/eigen3, version: 3.4.0)
[33mCMake Warning (dev) at /usr/lib/x86_64-linux-gnu/cmake/pcl/Modules/FindFLANN.cmake:44 (find_package):
  Policy CMP0144 is not set: find_package uses upper-case <PACKAGENAME>_ROOT
  variables.  Run "cmake --help-policy CMP0144" for policy details.  Use the
  cmake_policy command to set the policy and suppress this warning.

  CMake variable FLANN_ROOT is set to:

    /usr

  For compatibility, find_package is ignoring the variable, but code in a
  .cmake module might still use it.
Call Stack (most recent call first):
  /usr/lib/x86_64-linux-gnu/cmake/pcl/PCLConfig.cmake:256 (find_package)
  /usr/lib/x86_64-linux-gnu/cmake/pcl/PCLConfig.cmake:301 (find_flann)
  /usr/lib/x86_64-linux-gnu/cmake/pcl/PCLConfig.cmake:543 (find_external_library)
  /opt/ros/humble/share/pcl_conversions/cmake/ament_cmake_export_dependencies-extras.cmake:21 (find_package)
  /opt/ros/humble/share/pcl_conversions/cmake/pcl_conversionsConfig.cmake:41 (include)
  CMakeLists.txt:18 (find_package)
This warning is for project developers.  Use -Wno-dev to suppress it.
[0m
-- Checking for module 'flann'
--   Found flann, version 1.9.1
-- Found FLANN: /usr/lib/x86_64-linux-gnu/libflann_cpp.so  
-- FLANN found (include: /usr/include, lib: /usr/lib/x86_64-linux-gnu/libflann_cpp.so)
-- Checking for module 'libusb-1.0'
--   Found libusb-1.0, version 1.0.25
-- Found libusb: /usr/lib/x86_64-linux-gnu/libusb-1.0.so  
-- OpenNI found (version: 1.5.4.0, include: /usr/include/ni, lib: /usr/lib/libOpenNI.so;libusb::libusb)
-- OpenNI2 found (version: 2.2.0.33, include: /usr/include/openni2, lib: /usr/lib/x86_64-linux-gnu/libOpenNI2.so;libusb::libusb)
-- Eigen found (include: /usr/include/eigen3, version: 3.4.0)
-- OpenNI found (version: 1.5.4.0, include: /usr/include/ni, lib: /usr/lib/libOpenNI.so;libusb::libusb)
-- OpenNI2 found (version: 2.2.0.33, include: /usr/include/openni2, lib: /usr/lib/x86_64-linux-gnu/libOpenNI2.so;libusb::libusb)
-- Found Qhull version 8.0.2
-- OpenNI found (version: 1.5.4.0, include: /usr/include/ni, lib: /usr/lib/libOpenNI.so;libusb::libusb)
-- Found PCL_COMMON: /usr/lib/x86_64-linux-gnu/libpcl_common.so  
-- Found PCL_KDTREE: /usr/lib/x86_64-linux-gnu/libpcl_kdtree.so  
-- Found PCL_OCTREE: /usr/lib/x86_64-linux-gnu/libpcl_octree.so  
-- Found PCL_SEARCH: /usr/lib/x86_64-linux-gnu/libpcl_search.so  
-- Found PCL_SAMPLE_CONSENSUS: /usr/lib/x86_64-linux-gnu/libpcl_sample_consensus.so  
-- Found PCL_FILTERS: /usr/lib/x86_64-linux-gnu/libpcl_filters.so  
-- Found PCL_2D: /usr/include/pcl-1.12  
-- Found PCL_GEOMETRY: /usr/include/pcl-1.12  
-- Found PCL_IO: /usr/lib/x86_64-linux-gnu/libpcl_io.so  
-- Found PCL_FEATURES: /usr/lib/x86_64-linux-gnu/libpcl_features.so  
-- Found PCL_ML: /usr/lib/x86_64-linux-gnu/libpcl_ml.so  
-- Found PCL_SEGMENTATION: /usr/lib/x86_64-linux-gnu/libpcl_segmentation.so  
-- Found PCL_VISUALIZATION: /usr/lib/x86_64-linux-gnu/libpcl_visualization.so  
-- Found PCL_SURFACE: /usr/lib/x86_64-linux-gnu/libpcl_surface.so  
-- Found PCL_REGISTRATION: /usr/lib/x86_64-linux-gnu/libpcl_registration.so  
-- Found PCL_KEYPOINTS: /usr/lib/x86_64-linux-gnu/libpcl_keypoints.so  
-- Found PCL_TRACKING: /usr/lib/x86_64-linux-gnu/libpcl_tracking.so  
-- Found PCL_RECOGNITION: /usr/lib/x86_64-linux-gnu/libpcl_recognition.so  
-- Found PCL_STEREO: /usr/lib/x86_64-linux-gnu/libpcl_stereo.so  
-- Found PCL_APPS: /usr/lib/x86_64-linux-gnu/libpcl_apps.so  
-- Found PCL_IN_HAND_SCANNER: /usr/include/pcl-1.12  
-- Found PCL_MODELER: /usr/include/pcl-1.12  
-- Found PCL_POINT_CLOUD_EDITOR: /usr/include/pcl-1.12  
-- Found PCL_OUTOFCORE: /usr/lib/x86_64-linux-gnu/libpcl_outofcore.so  
-- Found PCL_PEOPLE: /usr/lib/x86_64-linux-gnu/libpcl_people.so  
-- Found pcl_ros: 2.4.5 (/opt/ros/humble/share/pcl_ros/cmake)
-- Found eigen3_cmake_module: 0.1.1 (/opt/ros/humble/share/eigen3_cmake_module/cmake)
-- Found Eigen3: TRUE (found version "3.4.0") 
-- Ensuring Eigen3 include directory is part of orocos-kdl CMake target
-- Found cv_bridge: 3.2.1 (/opt/ros/humble/share/cv_bridge/cmake)
-- Found OpenCV: /usr (found version "4.5.4") 
-- Found nav_msgs: 4.9.0 (/opt/ros/humble/share/nav_msgs/cmake)
-- Configuring done (5.3s)
-- Generating done (0.2s)
-- Build files have been written to: /home/wasiq/ros2_unbag/build/ros2_bag_exporter
[ 50%] [32mBuilding CXX object CMakeFiles/bag_exporter.dir/src/bag_exporter.cpp.o[0m
[100%] [32m[1mLinking CXX executable bag_exporter[0m
[100%] Built target bag_exporter
-- Install configuration: ""
-- Installing: /home/wasiq/ros2_unbag/install/ros2_bag_exporter/lib/ros2_bag_exporter/bag_exporter
-- Set runtime path of "/home/wasiq/ros2_unbag/install/ros2_bag_exporter/lib/ros2_bag_exporter/bag_exporter" to ""
-- Installing: /home/wasiq/ros2_unbag/install/ros2_bag_exporter/include/
-- Installing: /home/wasiq/ros2_unbag/install/ros2_bag_exporter/include//rosbag2_exporter
-- Installing: /home/wasiq/ros2_unbag/install/ros2_bag_exporter/include//rosbag2_exporter/handlers
-- Installing: /home/wasiq/ros2_unbag/install/ros2_bag_exporter/include//rosbag2_exporter/handlers/imu_handler.hpp
-- Installing: /home/wasiq/ros2_unbag/install/ros2_bag_exporter/include//rosbag2_exporter/handlers/ir_image_handler.hpp
-- Installing: /home/wasiq/ros2_unbag/install/ros2_bag_exporter/include//rosbag2_exporter/handlers/path_handler.hpp
-- Installing: /home/wasiq/ros2_unbag/install/ros2_bag_exporter/include//rosbag2_exporter/handlers/gps_handler.hpp
-- Installing: /home/wasiq/ros2_unbag/install/ros2_bag_exporter/include//rosbag2_exporter/handlers/depth_image_handler.hpp
-- Installing: /home/wasiq/ros2_unbag/install/ros2_bag_exporter/include//rosbag2_exporter/handlers/pointcloud_handler.hpp
-- Installing: /home/wasiq/ros2_unbag/install/ros2_bag_exporter/include//rosbag2_exporter/handlers/image_handler.hpp
-- Installing: /home/wasiq/ros2_unbag/install/ros2_bag_exporter/include//rosbag2_exporter/handlers/base_handler.hpp
-- Installing: /home/wasiq/ros2_unbag/install/ros2_bag_exporter/include//rosbag2_exporter/handlers/laser_scan_handler.hpp
-- Installing: /home/wasiq/ros2_unbag/install/ros2_bag_exporter/include//rosbag2_exporter/handlers/odometry_handler.hpp
-- Installing: /home/wasiq/ros2_unbag/install/ros2_bag_exporter/include//rosbag2_exporter/handlers/compressed_image_handler.hpp
-- Installing: /home/wasiq/ros2_unbag/install/ros2_bag_exporter/include//rosbag2_exporter/bag_exporter.hpp
-- Installing: /home/wasiq/ros2_unbag/install/ros2_bag_exporter/share/ros2_bag_exporter/
-- Installing: /home/wasiq/ros2_unbag/install/ros2_bag_exporter/share/ros2_bag_exporter//exporter_config.yaml
-- Installing: /home/wasiq/ros2_unbag/install/ros2_bag_exporter/share/ament_index/resource_index/package_run_dependencies/ros2_bag_exporter
-- Installing: /home/wasiq/ros2_unbag/install/ros2_bag_exporter/share/ament_index/resource_index/parent_prefix_path/ros2_bag_exporter
-- Installing: /home/wasiq/ros2_unbag/install/ros2_bag_exporter/share/ros2_bag_exporter/environment/ament_prefix_path.sh
-- Installing: /home/wasiq/ros2_unbag/install/ros2_bag_exporter/share/ros2_bag_exporter/environment/ament_prefix_path.dsv
-- Installing: /home/wasiq/ros2_unbag/install/ros2_bag_exporter/share/ros2_bag_exporter/environment/path.sh
-- Installing: /home/wasiq/ros2_unbag/install/ros2_bag_exporter/share/ros2_bag_exporter/environment/path.dsv
-- Installing: /home/wasiq/ros2_unbag/install/ros2_bag_exporter/share/ros2_bag_exporter/local_setup.bash
-- Installing: /home/wasiq/ros2_unbag/install/ros2_bag_exporter/share/ros2_bag_exporter/local_setup.sh
-- Installing: /home/wasiq/ros2_unbag/install/ros2_bag_exporter/share/ros2_bag_exporter/local_setup.zsh
-- Installing: /home/wasiq/ros2_unbag/install/ros2_bag_exporter/share/ros2_bag_exporter/local_setup.dsv
-- Installing: /home/wasiq/ros2_unbag/install/ros2_bag_exporter/share/ros2_bag_exporter/package.dsv
-- Installing: /home/wasiq/ros2_unbag/install/ros2_bag_exporter/share/ament_index/resource_index/packages/ros2_bag_exporter
-- Installing: /home/wasiq/ros2_unbag/install/ros2_bag_exporter/share/ros2_bag_exporter/cmake/ros2_bag_exporterConfig.cmake
-- Installing: /home/wasiq/ros2_unbag/install/ros2_bag_exporter/share/ros2_bag_exporter/cmake/ros2_bag_exporterConfig-version.cmake
-- Installing: /home/wasiq/ros2_unbag/install/ros2_bag_exporter/share/ros2_bag_exporter/package.xml
