[0.017s] Invoking command in '/home/wasiq/ros2_unbag/build/ros2_bag_exporter': CMAKE_PREFIX_PATH=/opt/ros/humble DEBUGINFOD_URLS=https://debuginfod.ubuntu.com PS1=${debian_chroot:+($debian_chroot)}\[\033[01;32m\]\u@\h\[\033[00m\]:\[\033[01;34m\]\w\[\033[00m\]\$ /home/wasiq/.local/bin/cmake /home/wasiq/ros2_unbag/src/ros2_bag_exporter -DCMAKE_INSTALL_PREFIX=/home/wasiq/ros2_unbag/install/ros2_bag_exporter
[0.379s] -- The C compiler identification is GNU 11.4.0
[0.619s] -- The CXX compiler identification is GNU 11.4.0
[0.653s] -- Detecting C compiler ABI info
[0.820s] -- Detecting C compiler ABI info - done
[0.834s] -- Check for working C compiler: /usr/lib/ccache/gcc - skipped
[0.835s] -- Detecting C compile features
[0.836s] -- Detecting C compile features - done
[0.849s] -- Detecting CXX compiler ABI info
[0.910s] -- Detecting CXX compiler ABI info - done
[0.922s] -- Check for working CXX compiler: /usr/lib/ccache/g++ - skipped
[0.923s] -- Detecting CXX compile features
[0.923s] -- Detecting CXX compile features - done
[0.930s] -- Found ament_cmake: 1.3.12 (/opt/ros/humble/share/ament_cmake/cmake)
[1.069s] -- Found Python3: /usr/bin/python3 (found version "3.10.12") found components: Interpreter 
[1.203s] -- Found rclcpp: 16.0.14 (/opt/ros/humble/share/rclcpp/cmake)
[1.306s] -- Found rosidl_generator_c: 3.1.7 (/opt/ros/humble/share/rosidl_generator_c/cmake)
[1.317s] -- Found rosidl_adapter: 3.1.7 (/opt/ros/humble/share/rosidl_adapter/cmake)
[1.336s] -- Found rosidl_generator_cpp: 3.1.7 (/opt/ros/humble/share/rosidl_generator_cpp/cmake)
[1.368s] -- Using all available rosidl_typesupport_c: rosidl_typesupport_fastrtps_c;rosidl_typesupport_introspection_c
[1.402s] -- Using all available rosidl_typesupport_cpp: rosidl_typesupport_fastrtps_cpp;rosidl_typesupport_introspection_cpp
[1.505s] -- Found rmw_implementation_cmake: 6.1.2 (/opt/ros/humble/share/rmw_implementation_cmake/cmake)
[1.510s] -- Found rmw_cyclonedds_cpp: 1.3.4 (/opt/ros/humble/share/rmw_cyclonedds_cpp/cmake)
[1.565s] -- Using RMW implementation 'rmw_cyclonedds_cpp' as default
[1.593s] -- Performing Test CMAKE_HAVE_LIBC_PTHREAD
[1.723s] -- Performing Test CMAKE_HAVE_LIBC_PTHREAD - Success
[1.724s] -- Found Threads: TRUE  
[1.838s] -- Found rosbag2_cpp: 0.15.15 (/opt/ros/humble/share/rosbag2_cpp/cmake)
[1.923s] -- Found sensor_msgs: 4.9.0 (/opt/ros/humble/share/sensor_msgs/cmake)
[1.997s] -- Found pcl_conversions: 2.4.5 (/opt/ros/humble/share/pcl_conversions/cmake)
[2.063s] [33mCMake Warning (dev) at /usr/lib/x86_64-linux-gnu/cmake/pcl/PCLConfig.cmake:146 (find_package):
[2.064s]   Policy CMP0144 is not set: find_package uses upper-case <PACKAGENAME>_ROOT
[2.064s]   variables.  Run "cmake --help-policy CMP0144" for policy details.  Use the
[2.064s]   cmake_policy command to set the policy and suppress this warning.
[2.064s] 
[2.064s]   CMake variable EIGEN_ROOT is set to:
[2.064s] 
[2.064s]     /usr/include/eigen3
[2.064s] 
[2.064s]   For compatibility, find_package is ignoring the variable, but code in a
[2.064s]   .cmake module might still use it.
[2.064s] Call Stack (most recent call first):
[2.064s]   /usr/lib/x86_64-linux-gnu/cmake/pcl/PCLConfig.cmake:299 (find_eigen)
[2.064s]   /usr/lib/x86_64-linux-gnu/cmake/pcl/PCLConfig.cmake:543 (find_external_library)
[2.064s]   /opt/ros/humble/share/pcl_conversions/cmake/ament_cmake_export_dependencies-extras.cmake:21 (find_package)
[2.064s]   /opt/ros/humble/share/pcl_conversions/cmake/pcl_conversionsConfig.cmake:41 (include)
[2.064s]   CMakeLists.txt:18 (find_package)
[2.064s] This warning is for project developers.  Use -Wno-dev to suppress it.
[2.064s] [0m
[2.068s] -- Checking for module 'eigen3'
[2.080s] --   Found eigen3, version 3.4.0
[2.106s] -- Found Eigen: /usr/include/eigen3 (Required is at least version "3.1") 
[2.106s] -- Eigen found (include: /usr/include/eigen3, version: 3.4.0)
[2.169s] [33mCMake Warning (dev) at /usr/lib/x86_64-linux-gnu/cmake/pcl/Modules/FindFLANN.cmake:44 (find_package):
[2.169s]   Policy CMP0144 is not set: find_package uses upper-case <PACKAGENAME>_ROOT
[2.169s]   variables.  Run "cmake --help-policy CMP0144" for policy details.  Use the
[2.169s]   cmake_policy command to set the policy and suppress this warning.
[2.169s] 
[2.170s]   CMake variable FLANN_ROOT is set to:
[2.170s] 
[2.170s]     /usr
[2.170s] 
[2.170s]   For compatibility, find_package is ignoring the variable, but code in a
[2.170s]   .cmake module might still use it.
[2.170s] Call Stack (most recent call first):
[2.170s]   /usr/lib/x86_64-linux-gnu/cmake/pcl/PCLConfig.cmake:256 (find_package)
[2.170s]   /usr/lib/x86_64-linux-gnu/cmake/pcl/PCLConfig.cmake:301 (find_flann)
[2.170s]   /usr/lib/x86_64-linux-gnu/cmake/pcl/PCLConfig.cmake:543 (find_external_library)
[2.170s]   /opt/ros/humble/share/pcl_conversions/cmake/ament_cmake_export_dependencies-extras.cmake:21 (find_package)
[2.170s]   /opt/ros/humble/share/pcl_conversions/cmake/pcl_conversionsConfig.cmake:41 (include)
[2.170s]   CMakeLists.txt:18 (find_package)
[2.170s] This warning is for project developers.  Use -Wno-dev to suppress it.
[2.170s] [0m
[2.185s] -- Checking for module 'flann'
[2.196s] --   Found flann, version 1.9.1
[2.233s] -- Found FLANN: /usr/lib/x86_64-linux-gnu/libflann_cpp.so  
[2.233s] -- FLANN found (include: /usr/include, lib: /usr/lib/x86_64-linux-gnu/libflann_cpp.so)
[3.813s] -- Checking for module 'libusb-1.0'
[3.824s] --   Found libusb-1.0, version 1.0.25
[3.850s] -- Found libusb: /usr/lib/x86_64-linux-gnu/libusb-1.0.so  
[3.851s] -- OpenNI found (version: 1.5.4.0, include: /usr/include/ni, lib: /usr/lib/libOpenNI.so;libusb::libusb)
[3.892s] -- OpenNI2 found (version: 2.2.0.33, include: /usr/include/openni2, lib: /usr/lib/x86_64-linux-gnu/libOpenNI2.so;libusb::libusb)
[4.170s] -- Eigen found (include: /usr/include/eigen3, version: 3.4.0)
[4.176s] -- OpenNI found (version: 1.5.4.0, include: /usr/include/ni, lib: /usr/lib/libOpenNI.so;libusb::libusb)
[4.182s] -- OpenNI2 found (version: 2.2.0.33, include: /usr/include/openni2, lib: /usr/lib/x86_64-linux-gnu/libOpenNI2.so;libusb::libusb)
[4.459s] -- Found Qhull version 8.0.2
[4.737s] -- OpenNI found (version: 1.5.4.0, include: /usr/include/ni, lib: /usr/lib/libOpenNI.so;libusb::libusb)
[5.012s] -- Found PCL_COMMON: /usr/lib/x86_64-linux-gnu/libpcl_common.so  
[5.013s] -- Found PCL_KDTREE: /usr/lib/x86_64-linux-gnu/libpcl_kdtree.so  
[5.015s] -- Found PCL_OCTREE: /usr/lib/x86_64-linux-gnu/libpcl_octree.so  
[5.016s] -- Found PCL_SEARCH: /usr/lib/x86_64-linux-gnu/libpcl_search.so  
[5.018s] -- Found PCL_SAMPLE_CONSENSUS: /usr/lib/x86_64-linux-gnu/libpcl_sample_consensus.so  
[5.019s] -- Found PCL_FILTERS: /usr/lib/x86_64-linux-gnu/libpcl_filters.so  
[5.020s] -- Found PCL_2D: /usr/include/pcl-1.12  
[5.020s] -- Found PCL_GEOMETRY: /usr/include/pcl-1.12  
[5.021s] -- Found PCL_IO: /usr/lib/x86_64-linux-gnu/libpcl_io.so  
[5.023s] -- Found PCL_FEATURES: /usr/lib/x86_64-linux-gnu/libpcl_features.so  
[5.024s] -- Found PCL_ML: /usr/lib/x86_64-linux-gnu/libpcl_ml.so  
[5.026s] -- Found PCL_SEGMENTATION: /usr/lib/x86_64-linux-gnu/libpcl_segmentation.so  
[5.027s] -- Found PCL_VISUALIZATION: /usr/lib/x86_64-linux-gnu/libpcl_visualization.so  
[5.029s] -- Found PCL_SURFACE: /usr/lib/x86_64-linux-gnu/libpcl_surface.so  
[5.030s] -- Found PCL_REGISTRATION: /usr/lib/x86_64-linux-gnu/libpcl_registration.so  
[5.032s] -- Found PCL_KEYPOINTS: /usr/lib/x86_64-linux-gnu/libpcl_keypoints.so  
[5.033s] -- Found PCL_TRACKING: /usr/lib/x86_64-linux-gnu/libpcl_tracking.so  
[5.035s] -- Found PCL_RECOGNITION: /usr/lib/x86_64-linux-gnu/libpcl_recognition.so  
[5.036s] -- Found PCL_STEREO: /usr/lib/x86_64-linux-gnu/libpcl_stereo.so  
[5.038s] -- Found PCL_APPS: /usr/lib/x86_64-linux-gnu/libpcl_apps.so  
[5.039s] -- Found PCL_IN_HAND_SCANNER: /usr/include/pcl-1.12  
[5.039s] -- Found PCL_MODELER: /usr/include/pcl-1.12  
[5.040s] -- Found PCL_POINT_CLOUD_EDITOR: /usr/include/pcl-1.12  
[5.043s] -- Found PCL_OUTOFCORE: /usr/lib/x86_64-linux-gnu/libpcl_outofcore.so  
[5.045s] -- Found PCL_PEOPLE: /usr/lib/x86_64-linux-gnu/libpcl_people.so  
[5.051s] -- Found pcl_ros: 2.4.5 (/opt/ros/humble/share/pcl_ros/cmake)
[5.107s] -- Found eigen3_cmake_module: 0.1.1 (/opt/ros/humble/share/eigen3_cmake_module/cmake)
[5.110s] -- Found Eigen3: TRUE (found version "3.4.0") 
[5.110s] -- Ensuring Eigen3 include directory is part of orocos-kdl CMake target
[5.314s] -- Found cv_bridge: 3.2.1 (/opt/ros/humble/share/cv_bridge/cmake)
[5.337s] -- Found OpenCV: /usr (found version "4.5.4") 
[5.342s] -- Found nav_msgs: 4.9.0 (/opt/ros/humble/share/nav_msgs/cmake)
[5.458s] -- Configuring done (5.3s)
[5.628s] -- Generating done (0.2s)
[5.639s] -- Build files have been written to: /home/wasiq/ros2_unbag/build/ros2_bag_exporter
[5.667s] Invoked command in '/home/wasiq/ros2_unbag/build/ros2_bag_exporter' returned '0': CMAKE_PREFIX_PATH=/opt/ros/humble DEBUGINFOD_URLS=https://debuginfod.ubuntu.com PS1=${debian_chroot:+($debian_chroot)}\[\033[01;32m\]\u@\h\[\033[00m\]:\[\033[01;34m\]\w\[\033[00m\]\$ /home/wasiq/.local/bin/cmake /home/wasiq/ros2_unbag/src/ros2_bag_exporter -DCMAKE_INSTALL_PREFIX=/home/wasiq/ros2_unbag/install/ros2_bag_exporter
[5.669s] Invoking command in '/home/wasiq/ros2_unbag/build/ros2_bag_exporter': CMAKE_PREFIX_PATH=/opt/ros/humble DEBUGINFOD_URLS=https://debuginfod.ubuntu.com PS1=${debian_chroot:+($debian_chroot)}\[\033[01;32m\]\u@\h\[\033[00m\]:\[\033[01;34m\]\w\[\033[00m\]\$ /home/wasiq/.local/bin/cmake --build /home/wasiq/ros2_unbag/build/ros2_bag_exporter -- -j8 -l8
[5.719s] [ 50%] [32mBuilding CXX object CMakeFiles/bag_exporter.dir/src/bag_exporter.cpp.o[0m
[18.860s] [100%] [32m[1mLinking CXX executable bag_exporter[0m
[20.784s] [100%] Built target bag_exporter
[20.798s] Invoked command in '/home/wasiq/ros2_unbag/build/ros2_bag_exporter' returned '0': CMAKE_PREFIX_PATH=/opt/ros/humble DEBUGINFOD_URLS=https://debuginfod.ubuntu.com PS1=${debian_chroot:+($debian_chroot)}\[\033[01;32m\]\u@\h\[\033[00m\]:\[\033[01;34m\]\w\[\033[00m\]\$ /home/wasiq/.local/bin/cmake --build /home/wasiq/ros2_unbag/build/ros2_bag_exporter -- -j8 -l8
[20.835s] Invoking command in '/home/wasiq/ros2_unbag/build/ros2_bag_exporter': CMAKE_PREFIX_PATH=/opt/ros/humble DEBUGINFOD_URLS=https://debuginfod.ubuntu.com PS1=${debian_chroot:+($debian_chroot)}\[\033[01;32m\]\u@\h\[\033[00m\]:\[\033[01;34m\]\w\[\033[00m\]\$ /home/wasiq/.local/bin/cmake --install /home/wasiq/ros2_unbag/build/ros2_bag_exporter
[20.860s] -- Install configuration: ""
[20.860s] -- Installing: /home/wasiq/ros2_unbag/install/ros2_bag_exporter/lib/ros2_bag_exporter/bag_exporter
[20.862s] -- Set runtime path of "/home/wasiq/ros2_unbag/install/ros2_bag_exporter/lib/ros2_bag_exporter/bag_exporter" to ""
[20.862s] -- Installing: /home/wasiq/ros2_unbag/install/ros2_bag_exporter/include/
[20.862s] -- Installing: /home/wasiq/ros2_unbag/install/ros2_bag_exporter/include//rosbag2_exporter
[20.862s] -- Installing: /home/wasiq/ros2_unbag/install/ros2_bag_exporter/include//rosbag2_exporter/handlers
[20.862s] -- Installing: /home/wasiq/ros2_unbag/install/ros2_bag_exporter/include//rosbag2_exporter/handlers/imu_handler.hpp
[20.862s] -- Installing: /home/wasiq/ros2_unbag/install/ros2_bag_exporter/include//rosbag2_exporter/handlers/ir_image_handler.hpp
[20.862s] -- Installing: /home/wasiq/ros2_unbag/install/ros2_bag_exporter/include//rosbag2_exporter/handlers/path_handler.hpp
[20.862s] -- Installing: /home/wasiq/ros2_unbag/install/ros2_bag_exporter/include//rosbag2_exporter/handlers/gps_handler.hpp
[20.862s] -- Installing: /home/wasiq/ros2_unbag/install/ros2_bag_exporter/include//rosbag2_exporter/handlers/depth_image_handler.hpp
[20.862s] -- Installing: /home/wasiq/ros2_unbag/install/ros2_bag_exporter/include//rosbag2_exporter/handlers/pointcloud_handler.hpp
[20.862s] -- Installing: /home/wasiq/ros2_unbag/install/ros2_bag_exporter/include//rosbag2_exporter/handlers/image_handler.hpp
[20.863s] -- Installing: /home/wasiq/ros2_unbag/install/ros2_bag_exporter/include//rosbag2_exporter/handlers/base_handler.hpp
[20.863s] -- Installing: /home/wasiq/ros2_unbag/install/ros2_bag_exporter/include//rosbag2_exporter/handlers/laser_scan_handler.hpp
[20.863s] -- Installing: /home/wasiq/ros2_unbag/install/ros2_bag_exporter/include//rosbag2_exporter/handlers/odometry_handler.hpp
[20.863s] -- Installing: /home/wasiq/ros2_unbag/install/ros2_bag_exporter/include//rosbag2_exporter/handlers/compressed_image_handler.hpp
[20.863s] -- Installing: /home/wasiq/ros2_unbag/install/ros2_bag_exporter/include//rosbag2_exporter/bag_exporter.hpp
[20.863s] -- Installing: /home/wasiq/ros2_unbag/install/ros2_bag_exporter/share/ros2_bag_exporter/
[20.863s] -- Installing: /home/wasiq/ros2_unbag/install/ros2_bag_exporter/share/ros2_bag_exporter//exporter_config.yaml
[20.863s] -- Installing: /home/wasiq/ros2_unbag/install/ros2_bag_exporter/share/ament_index/resource_index/package_run_dependencies/ros2_bag_exporter
[20.863s] -- Installing: /home/wasiq/ros2_unbag/install/ros2_bag_exporter/share/ament_index/resource_index/parent_prefix_path/ros2_bag_exporter
[20.863s] -- Installing: /home/wasiq/ros2_unbag/install/ros2_bag_exporter/share/ros2_bag_exporter/environment/ament_prefix_path.sh
[20.863s] -- Installing: /home/wasiq/ros2_unbag/install/ros2_bag_exporter/share/ros2_bag_exporter/environment/ament_prefix_path.dsv
[20.863s] -- Installing: /home/wasiq/ros2_unbag/install/ros2_bag_exporter/share/ros2_bag_exporter/environment/path.sh
[20.864s] -- Installing: /home/wasiq/ros2_unbag/install/ros2_bag_exporter/share/ros2_bag_exporter/environment/path.dsv
[20.864s] -- Installing: /home/wasiq/ros2_unbag/install/ros2_bag_exporter/share/ros2_bag_exporter/local_setup.bash
[20.864s] -- Installing: /home/wasiq/ros2_unbag/install/ros2_bag_exporter/share/ros2_bag_exporter/local_setup.sh
[20.864s] -- Installing: /home/wasiq/ros2_unbag/install/ros2_bag_exporter/share/ros2_bag_exporter/local_setup.zsh
[20.864s] -- Installing: /home/wasiq/ros2_unbag/install/ros2_bag_exporter/share/ros2_bag_exporter/local_setup.dsv
[20.864s] -- Installing: /home/wasiq/ros2_unbag/install/ros2_bag_exporter/share/ros2_bag_exporter/package.dsv
[20.864s] -- Installing: /home/wasiq/ros2_unbag/install/ros2_bag_exporter/share/ament_index/resource_index/packages/ros2_bag_exporter
[20.864s] -- Installing: /home/wasiq/ros2_unbag/install/ros2_bag_exporter/share/ros2_bag_exporter/cmake/ros2_bag_exporterConfig.cmake
[20.864s] -- Installing: /home/wasiq/ros2_unbag/install/ros2_bag_exporter/share/ros2_bag_exporter/cmake/ros2_bag_exporterConfig-version.cmake
[20.864s] -- Installing: /home/wasiq/ros2_unbag/install/ros2_bag_exporter/share/ros2_bag_exporter/package.xml
[20.870s] Invoked command in '/home/wasiq/ros2_unbag/build/ros2_bag_exporter' returned '0': CMAKE_PREFIX_PATH=/opt/ros/humble DEBUGINFOD_URLS=https://debuginfod.ubuntu.com PS1=${debian_chroot:+($debian_chroot)}\[\033[01;32m\]\u@\h\[\033[00m\]:\[\033[01;34m\]\w\[\033[00m\]\$ /home/wasiq/.local/bin/cmake --install /home/wasiq/ros2_unbag/build/ros2_bag_exporter
