[0.299s] DEBUG:colcon:Command line arguments: ['/usr/bin/colcon', 'build', '--packages-select', 'ros2_bag_exporter']
[0.299s] DEBUG:colcon:Parsed command line arguments: Namespace(log_base=None, log_level=None, verb_name='build', build_base='build', install_base='install', merge_install=False, symlink_install=False, test_result_base=None, continue_on_error=False, executor='parallel', parallel_workers=8, event_handlers=None, ignore_user_meta=False, metas=['./colcon.meta'], base_paths=['.'], packages_ignore=None, packages_ignore_regex=None, paths=None, packages_up_to=None, packages_up_to_regex=None, packages_above=None, packages_above_and_dependencies=None, packages_above_depth=None, packages_select_by_dep=None, packages_skip_by_dep=None, packages_skip_up_to=None, packages_select_build_failed=False, packages_skip_build_finished=False, packages_select_test_failures=False, packages_skip_test_passed=False, packages_select=['ros2_bag_exporter'], packages_skip=None, packages_select_regex=None, packages_skip_regex=None, packages_start=None, packages_end=None, allow_overriding=[], cmake_args=None, cmake_target=None, cmake_target_skip_unavailable=False, cmake_clean_cache=False, cmake_clean_first=False, cmake_force_configure=False, ament_cmake_args=None, catkin_cmake_args=None, catkin_skip_building_tests=False, mixin_files=None, mixin=None, verb_parser=<colcon_mixin.mixin.mixin_argument.MixinArgumentDecorator object at 0x745c061f0dc0>, verb_extension=<colcon_core.verb.build.BuildVerb object at 0x745c062f1ed0>, main=<bound method BuildVerb.main of <colcon_core.verb.build.BuildVerb object at 0x745c062f1ed0>>, mixin_verb=('build',))
[0.354s] Level 1:colcon.colcon_core.package_discovery:discover_packages(colcon_meta) check parameters
[0.354s] Level 1:colcon.colcon_core.package_discovery:discover_packages(recursive) check parameters
[0.354s] Level 1:colcon.colcon_core.package_discovery:discover_packages(ignore) check parameters
[0.354s] Level 1:colcon.colcon_core.package_discovery:discover_packages(path) check parameters
[0.354s] Level 1:colcon.colcon_core.package_discovery:discover_packages(colcon_meta) discover
[0.354s] Level 1:colcon.colcon_core.package_discovery:discover_packages(recursive) discover
[0.354s] INFO:colcon.colcon_core.package_discovery:Crawling recursively for packages in '/home/wasiq/ros2_unbag'
[0.354s] Level 1:colcon.colcon_core.package_identification:_identify(.) by extensions ['ignore', 'ignore_ament_install']
[0.354s] Level 1:colcon.colcon_core.package_identification:_identify(.) by extension 'ignore'
[0.355s] Level 1:colcon.colcon_core.package_identification:_identify(.) by extension 'ignore_ament_install'
[0.355s] Level 1:colcon.colcon_core.package_identification:_identify(.) by extensions ['colcon_pkg']
[0.355s] Level 1:colcon.colcon_core.package_identification:_identify(.) by extension 'colcon_pkg'
[0.355s] Level 1:colcon.colcon_core.package_identification:_identify(.) by extensions ['colcon_meta']
[0.355s] Level 1:colcon.colcon_core.package_identification:_identify(.) by extension 'colcon_meta'
[0.355s] Level 1:colcon.colcon_core.package_identification:_identify(.) by extensions ['ros']
[0.355s] Level 1:colcon.colcon_core.package_identification:_identify(.) by extension 'ros'
[0.373s] Level 1:colcon.colcon_core.package_identification:_identify(.) by extensions ['cmake', 'python']
[0.373s] Level 1:colcon.colcon_core.package_identification:_identify(.) by extension 'cmake'
[0.373s] Level 1:colcon.colcon_core.package_identification:_identify(.) by extension 'python'
[0.373s] Level 1:colcon.colcon_core.package_identification:_identify(.) by extensions ['python_setup_py']
[0.373s] Level 1:colcon.colcon_core.package_identification:_identify(.) by extension 'python_setup_py'
[0.373s] Level 1:colcon.colcon_core.package_identification:_identify(build) by extensions ['ignore', 'ignore_ament_install']
[0.374s] Level 1:colcon.colcon_core.package_identification:_identify(build) by extension 'ignore'
[0.374s] Level 1:colcon.colcon_core.package_identification:_identify(build) ignored
[0.374s] Level 1:colcon.colcon_core.package_identification:_identify(install) by extensions ['ignore', 'ignore_ament_install']
[0.374s] Level 1:colcon.colcon_core.package_identification:_identify(install) by extension 'ignore'
[0.374s] Level 1:colcon.colcon_core.package_identification:_identify(install) ignored
[0.374s] Level 1:colcon.colcon_core.package_identification:_identify(log) by extensions ['ignore', 'ignore_ament_install']
[0.374s] Level 1:colcon.colcon_core.package_identification:_identify(log) by extension 'ignore'
[0.374s] Level 1:colcon.colcon_core.package_identification:_identify(log) ignored
[0.374s] Level 1:colcon.colcon_core.package_identification:_identify(src) by extensions ['ignore', 'ignore_ament_install']
[0.374s] Level 1:colcon.colcon_core.package_identification:_identify(src) by extension 'ignore'
[0.374s] Level 1:colcon.colcon_core.package_identification:_identify(src) by extension 'ignore_ament_install'
[0.374s] Level 1:colcon.colcon_core.package_identification:_identify(src) by extensions ['colcon_pkg']
[0.374s] Level 1:colcon.colcon_core.package_identification:_identify(src) by extension 'colcon_pkg'
[0.374s] Level 1:colcon.colcon_core.package_identification:_identify(src) by extensions ['colcon_meta']
[0.374s] Level 1:colcon.colcon_core.package_identification:_identify(src) by extension 'colcon_meta'
[0.374s] Level 1:colcon.colcon_core.package_identification:_identify(src) by extensions ['ros']
[0.374s] Level 1:colcon.colcon_core.package_identification:_identify(src) by extension 'ros'
[0.374s] Level 1:colcon.colcon_core.package_identification:_identify(src) by extensions ['cmake', 'python']
[0.375s] Level 1:colcon.colcon_core.package_identification:_identify(src) by extension 'cmake'
[0.375s] Level 1:colcon.colcon_core.package_identification:_identify(src) by extension 'python'
[0.375s] Level 1:colcon.colcon_core.package_identification:_identify(src) by extensions ['python_setup_py']
[0.375s] Level 1:colcon.colcon_core.package_identification:_identify(src) by extension 'python_setup_py'
[0.375s] Level 1:colcon.colcon_core.package_identification:_identify(src/ros2_bag_exporter) by extensions ['ignore', 'ignore_ament_install']
[0.375s] Level 1:colcon.colcon_core.package_identification:_identify(src/ros2_bag_exporter) by extension 'ignore'
[0.375s] Level 1:colcon.colcon_core.package_identification:_identify(src/ros2_bag_exporter) by extension 'ignore_ament_install'
[0.375s] Level 1:colcon.colcon_core.package_identification:_identify(src/ros2_bag_exporter) by extensions ['colcon_pkg']
[0.375s] Level 1:colcon.colcon_core.package_identification:_identify(src/ros2_bag_exporter) by extension 'colcon_pkg'
[0.375s] Level 1:colcon.colcon_core.package_identification:_identify(src/ros2_bag_exporter) by extensions ['colcon_meta']
[0.375s] Level 1:colcon.colcon_core.package_identification:_identify(src/ros2_bag_exporter) by extension 'colcon_meta'
[0.375s] Level 1:colcon.colcon_core.package_identification:_identify(src/ros2_bag_exporter) by extensions ['ros']
[0.375s] Level 1:colcon.colcon_core.package_identification:_identify(src/ros2_bag_exporter) by extension 'ros'
[0.380s] DEBUG:colcon.colcon_core.package_identification:Package 'src/ros2_bag_exporter' with type 'ros.ament_cmake' and name 'ros2_bag_exporter'
[0.380s] Level 1:colcon.colcon_core.package_discovery:discover_packages(recursive) using defaults
[0.380s] Level 1:colcon.colcon_core.package_discovery:discover_packages(ignore) discover
[0.380s] Level 1:colcon.colcon_core.package_discovery:discover_packages(ignore) using defaults
[0.380s] Level 1:colcon.colcon_core.package_discovery:discover_packages(path) discover
[0.380s] Level 1:colcon.colcon_core.package_discovery:discover_packages(path) using defaults
[0.411s] Level 1:colcon.colcon_core.package_discovery:discover_packages(prefix_path) check parameters
[0.411s] Level 1:colcon.colcon_core.package_discovery:discover_packages(prefix_path) discover
[0.417s] DEBUG:colcon.colcon_installed_package_information.package_discovery:Found 484 installed packages in /opt/ros/humble
[0.419s] Level 1:colcon.colcon_core.package_discovery:discover_packages(prefix_path) using defaults
[0.488s] Level 5:colcon.colcon_core.verb:set package 'ros2_bag_exporter' build argument 'cmake_args' from command line to 'None'
[0.488s] Level 5:colcon.colcon_core.verb:set package 'ros2_bag_exporter' build argument 'cmake_target' from command line to 'None'
[0.488s] Level 5:colcon.colcon_core.verb:set package 'ros2_bag_exporter' build argument 'cmake_target_skip_unavailable' from command line to 'False'
[0.488s] Level 5:colcon.colcon_core.verb:set package 'ros2_bag_exporter' build argument 'cmake_clean_cache' from command line to 'False'
[0.488s] Level 5:colcon.colcon_core.verb:set package 'ros2_bag_exporter' build argument 'cmake_clean_first' from command line to 'False'
[0.488s] Level 5:colcon.colcon_core.verb:set package 'ros2_bag_exporter' build argument 'cmake_force_configure' from command line to 'False'
[0.488s] Level 5:colcon.colcon_core.verb:set package 'ros2_bag_exporter' build argument 'ament_cmake_args' from command line to 'None'
[0.488s] Level 5:colcon.colcon_core.verb:set package 'ros2_bag_exporter' build argument 'catkin_cmake_args' from command line to 'None'
[0.488s] Level 5:colcon.colcon_core.verb:set package 'ros2_bag_exporter' build argument 'catkin_skip_building_tests' from command line to 'False'
[0.488s] DEBUG:colcon.colcon_core.verb:Building package 'ros2_bag_exporter' with the following arguments: {'ament_cmake_args': None, 'build_base': '/home/wasiq/ros2_unbag/build/ros2_bag_exporter', 'catkin_cmake_args': None, 'catkin_skip_building_tests': False, 'cmake_args': None, 'cmake_clean_cache': False, 'cmake_clean_first': False, 'cmake_force_configure': False, 'cmake_target': None, 'cmake_target_skip_unavailable': False, 'install_base': '/home/wasiq/ros2_unbag/install/ros2_bag_exporter', 'merge_install': False, 'path': '/home/wasiq/ros2_unbag/src/ros2_bag_exporter', 'symlink_install': False, 'test_result_base': None}
[0.488s] INFO:colcon.colcon_core.executor:Executing jobs using 'parallel' executor
[0.489s] DEBUG:colcon.colcon_parallel_executor.executor.parallel:run_until_complete
[0.489s] INFO:colcon.colcon_ros.task.ament_cmake.build:Building ROS package in '/home/wasiq/ros2_unbag/src/ros2_bag_exporter' with build type 'ament_cmake'
[0.489s] INFO:colcon.colcon_cmake.task.cmake.build:Building CMake package in '/home/wasiq/ros2_unbag/src/ros2_bag_exporter'
[0.498s] INFO:colcon.colcon_core.plugin_system:Skipping extension 'colcon_core.shell.bat': Not used on non-Windows systems
[0.499s] INFO:colcon.colcon_core.shell:Skip shell extension 'powershell' for command environment: Not usable outside of PowerShell
[0.499s] DEBUG:colcon.colcon_core.shell:Skip shell extension 'dsv' for command environment
[0.507s] DEBUG:colcon.colcon_core.event_handler.log_command:Invoking command in '/home/wasiq/ros2_unbag/build/ros2_bag_exporter': CMAKE_PREFIX_PATH=/opt/ros/humble DEBUGINFOD_URLS=https://debuginfod.ubuntu.com PS1=${debian_chroot:+($debian_chroot)}\[\033[01;32m\]\u@\h\[\033[00m\]:\[\033[01;34m\]\w\[\033[00m\]\$ /home/wasiq/.local/bin/cmake /home/wasiq/ros2_unbag/src/ros2_bag_exporter -DCMAKE_INSTALL_PREFIX=/home/wasiq/ros2_unbag/install/ros2_bag_exporter
[6.157s] DEBUG:colcon.colcon_core.event_handler.log_command:Invoked command in '/home/wasiq/ros2_unbag/build/ros2_bag_exporter' returned '0': CMAKE_PREFIX_PATH=/opt/ros/humble DEBUGINFOD_URLS=https://debuginfod.ubuntu.com PS1=${debian_chroot:+($debian_chroot)}\[\033[01;32m\]\u@\h\[\033[00m\]:\[\033[01;34m\]\w\[\033[00m\]\$ /home/wasiq/.local/bin/cmake /home/wasiq/ros2_unbag/src/ros2_bag_exporter -DCMAKE_INSTALL_PREFIX=/home/wasiq/ros2_unbag/install/ros2_bag_exporter
[6.159s] DEBUG:colcon.colcon_core.event_handler.log_command:Invoking command in '/home/wasiq/ros2_unbag/build/ros2_bag_exporter': CMAKE_PREFIX_PATH=/opt/ros/humble DEBUGINFOD_URLS=https://debuginfod.ubuntu.com PS1=${debian_chroot:+($debian_chroot)}\[\033[01;32m\]\u@\h\[\033[00m\]:\[\033[01;34m\]\w\[\033[00m\]\$ /home/wasiq/.local/bin/cmake --build /home/wasiq/ros2_unbag/build/ros2_bag_exporter -- -j8 -l8
[21.288s] DEBUG:colcon.colcon_core.event_handler.log_command:Invoked command in '/home/wasiq/ros2_unbag/build/ros2_bag_exporter' returned '0': CMAKE_PREFIX_PATH=/opt/ros/humble DEBUGINFOD_URLS=https://debuginfod.ubuntu.com PS1=${debian_chroot:+($debian_chroot)}\[\033[01;32m\]\u@\h\[\033[00m\]:\[\033[01;34m\]\w\[\033[00m\]\$ /home/wasiq/.local/bin/cmake --build /home/wasiq/ros2_unbag/build/ros2_bag_exporter -- -j8 -l8
[21.325s] DEBUG:colcon.colcon_core.event_handler.log_command:Invoking command in '/home/wasiq/ros2_unbag/build/ros2_bag_exporter': CMAKE_PREFIX_PATH=/opt/ros/humble DEBUGINFOD_URLS=https://debuginfod.ubuntu.com PS1=${debian_chroot:+($debian_chroot)}\[\033[01;32m\]\u@\h\[\033[00m\]:\[\033[01;34m\]\w\[\033[00m\]\$ /home/wasiq/.local/bin/cmake --install /home/wasiq/ros2_unbag/build/ros2_bag_exporter
[21.359s] Level 1:colcon.colcon_core.environment:create_environment_scripts_only(ros2_bag_exporter)
[21.359s] DEBUG:colcon.colcon_core.event_handler.log_command:Invoked command in '/home/wasiq/ros2_unbag/build/ros2_bag_exporter' returned '0': CMAKE_PREFIX_PATH=/opt/ros/humble DEBUGINFOD_URLS=https://debuginfod.ubuntu.com PS1=${debian_chroot:+($debian_chroot)}\[\033[01;32m\]\u@\h\[\033[00m\]:\[\033[01;34m\]\w\[\033[00m\]\$ /home/wasiq/.local/bin/cmake --install /home/wasiq/ros2_unbag/build/ros2_bag_exporter
[21.369s] Level 1:colcon.colcon_core.environment:checking '/home/wasiq/ros2_unbag/install/ros2_bag_exporter' for CMake module files
[21.369s] Level 1:colcon.colcon_core.environment:checking '/home/wasiq/ros2_unbag/install/ros2_bag_exporter' for CMake config files
[21.370s] Level 1:colcon.colcon_core.shell:create_environment_hook('ros2_bag_exporter', 'cmake_prefix_path')
[21.370s] INFO:colcon.colcon_core.shell:Creating environment hook '/home/wasiq/ros2_unbag/install/ros2_bag_exporter/share/ros2_bag_exporter/hook/cmake_prefix_path.ps1'
[21.371s] INFO:colcon.colcon_core.shell:Creating environment descriptor '/home/wasiq/ros2_unbag/install/ros2_bag_exporter/share/ros2_bag_exporter/hook/cmake_prefix_path.dsv'
[21.372s] INFO:colcon.colcon_core.shell:Creating environment hook '/home/wasiq/ros2_unbag/install/ros2_bag_exporter/share/ros2_bag_exporter/hook/cmake_prefix_path.sh'
[21.374s] Level 1:colcon.colcon_core.environment:checking '/home/wasiq/ros2_unbag/install/ros2_bag_exporter/lib'
[21.374s] Level 1:colcon.colcon_core.environment:checking '/home/wasiq/ros2_unbag/install/ros2_bag_exporter/bin'
[21.374s] Level 1:colcon.colcon_core.environment:checking '/home/wasiq/ros2_unbag/install/ros2_bag_exporter/lib/pkgconfig/ros2_bag_exporter.pc'
[21.374s] Level 1:colcon.colcon_core.environment:checking '/home/wasiq/ros2_unbag/install/ros2_bag_exporter/lib/python3.10/site-packages'
[21.374s] Level 1:colcon.colcon_core.environment:checking '/home/wasiq/ros2_unbag/install/ros2_bag_exporter/bin'
[21.375s] INFO:colcon.colcon_core.shell:Creating package script '/home/wasiq/ros2_unbag/install/ros2_bag_exporter/share/ros2_bag_exporter/package.ps1'
[21.376s] INFO:colcon.colcon_core.shell:Creating package descriptor '/home/wasiq/ros2_unbag/install/ros2_bag_exporter/share/ros2_bag_exporter/package.dsv'
[21.376s] INFO:colcon.colcon_core.shell:Creating package script '/home/wasiq/ros2_unbag/install/ros2_bag_exporter/share/ros2_bag_exporter/package.sh'
[21.378s] INFO:colcon.colcon_core.shell:Creating package script '/home/wasiq/ros2_unbag/install/ros2_bag_exporter/share/ros2_bag_exporter/package.bash'
[21.379s] INFO:colcon.colcon_core.shell:Creating package script '/home/wasiq/ros2_unbag/install/ros2_bag_exporter/share/ros2_bag_exporter/package.zsh'
[21.381s] Level 1:colcon.colcon_core.environment:create_file_with_runtime_dependencies(/home/wasiq/ros2_unbag/install/ros2_bag_exporter/share/colcon-core/packages/ros2_bag_exporter)
[21.381s] Level 1:colcon.colcon_core.environment:create_environment_scripts_only(ros2_bag_exporter)
[21.382s] Level 1:colcon.colcon_core.environment:checking '/home/wasiq/ros2_unbag/install/ros2_bag_exporter' for CMake module files
[21.382s] Level 1:colcon.colcon_core.environment:checking '/home/wasiq/ros2_unbag/install/ros2_bag_exporter' for CMake config files
[21.382s] Level 1:colcon.colcon_core.shell:create_environment_hook('ros2_bag_exporter', 'cmake_prefix_path')
[21.382s] INFO:colcon.colcon_core.shell:Creating environment hook '/home/wasiq/ros2_unbag/install/ros2_bag_exporter/share/ros2_bag_exporter/hook/cmake_prefix_path.ps1'
[21.383s] INFO:colcon.colcon_core.shell:Creating environment descriptor '/home/wasiq/ros2_unbag/install/ros2_bag_exporter/share/ros2_bag_exporter/hook/cmake_prefix_path.dsv'
[21.383s] INFO:colcon.colcon_core.shell:Creating environment hook '/home/wasiq/ros2_unbag/install/ros2_bag_exporter/share/ros2_bag_exporter/hook/cmake_prefix_path.sh'
[21.384s] Level 1:colcon.colcon_core.environment:checking '/home/wasiq/ros2_unbag/install/ros2_bag_exporter/lib'
[21.384s] Level 1:colcon.colcon_core.environment:checking '/home/wasiq/ros2_unbag/install/ros2_bag_exporter/bin'
[21.384s] Level 1:colcon.colcon_core.environment:checking '/home/wasiq/ros2_unbag/install/ros2_bag_exporter/lib/pkgconfig/ros2_bag_exporter.pc'
[21.384s] Level 1:colcon.colcon_core.environment:checking '/home/wasiq/ros2_unbag/install/ros2_bag_exporter/lib/python3.10/site-packages'
[21.384s] Level 1:colcon.colcon_core.environment:checking '/home/wasiq/ros2_unbag/install/ros2_bag_exporter/bin'
[21.384s] INFO:colcon.colcon_core.shell:Creating package script '/home/wasiq/ros2_unbag/install/ros2_bag_exporter/share/ros2_bag_exporter/package.ps1'
[21.385s] INFO:colcon.colcon_core.shell:Creating package descriptor '/home/wasiq/ros2_unbag/install/ros2_bag_exporter/share/ros2_bag_exporter/package.dsv'
[21.385s] INFO:colcon.colcon_core.shell:Creating package script '/home/wasiq/ros2_unbag/install/ros2_bag_exporter/share/ros2_bag_exporter/package.sh'
[21.386s] INFO:colcon.colcon_core.shell:Creating package script '/home/wasiq/ros2_unbag/install/ros2_bag_exporter/share/ros2_bag_exporter/package.bash'
[21.386s] INFO:colcon.colcon_core.shell:Creating package script '/home/wasiq/ros2_unbag/install/ros2_bag_exporter/share/ros2_bag_exporter/package.zsh'
[21.386s] Level 1:colcon.colcon_core.environment:create_file_with_runtime_dependencies(/home/wasiq/ros2_unbag/install/ros2_bag_exporter/share/colcon-core/packages/ros2_bag_exporter)
[21.386s] DEBUG:colcon.colcon_parallel_executor.executor.parallel:closing loop
[21.387s] DEBUG:colcon.colcon_parallel_executor.executor.parallel:loop closed
[21.387s] DEBUG:colcon.colcon_parallel_executor.executor.parallel:run_until_complete finished with '0'
[21.387s] DEBUG:colcon.colcon_core.event_reactor:joining thread
[21.393s] INFO:colcon.colcon_core.plugin_system:Skipping extension 'colcon_notification.desktop_notification.terminal_notifier': Not used on non-Darwin systems
[21.393s] INFO:colcon.colcon_core.plugin_system:Skipping extension 'colcon_notification.desktop_notification.win32': Not used on non-Windows systems
[21.393s] INFO:colcon.colcon_notification.desktop_notification:Sending desktop notification using 'notify2'
[21.407s] DEBUG:colcon.colcon_core.event_reactor:joined thread
[21.407s] INFO:colcon.colcon_core.shell:Creating prefix script '/home/wasiq/ros2_unbag/install/local_setup.ps1'
[21.408s] INFO:colcon.colcon_core.shell:Creating prefix util module '/home/wasiq/ros2_unbag/install/_local_setup_util_ps1.py'
[21.410s] INFO:colcon.colcon_core.shell:Creating prefix chain script '/home/wasiq/ros2_unbag/install/setup.ps1'
[21.412s] INFO:colcon.colcon_core.shell:Creating prefix script '/home/wasiq/ros2_unbag/install/local_setup.sh'
[21.413s] INFO:colcon.colcon_core.shell:Creating prefix util module '/home/wasiq/ros2_unbag/install/_local_setup_util_sh.py'
[21.414s] INFO:colcon.colcon_core.shell:Creating prefix chain script '/home/wasiq/ros2_unbag/install/setup.sh'
[21.415s] INFO:colcon.colcon_core.shell:Creating prefix script '/home/wasiq/ros2_unbag/install/local_setup.bash'
[21.416s] INFO:colcon.colcon_core.shell:Creating prefix chain script '/home/wasiq/ros2_unbag/install/setup.bash'
[21.417s] INFO:colcon.colcon_core.shell:Creating prefix script '/home/wasiq/ros2_unbag/install/local_setup.zsh'
[21.418s] INFO:colcon.colcon_core.shell:Creating prefix chain script '/home/wasiq/ros2_unbag/install/setup.zsh'
